<?xml version="1.0" encoding="UTF-8" ?>
<testsuite tests="2" failures="2" name="runners.CukesRunner" time="26.222" errors="0" skipped="0">
  <properties>
[...]
</properties>
  <testcase classname="room information functionality" name="my information data driven test Menard Newbatt" time="12.648">
    <failure message="expected:&lt;[VA]&gt; but was:&lt;[]&gt;" type="org.junit.ComparisonFailure">org.junit.ComparisonFailure: expected:&lt;[VA]&gt; but was:&lt;[]&gt;
	at org.junit.Assert.assertEquals(Assert.java:115)
	at org.junit.Assert.assertEquals(Assert.java:144)
	at steps.RoomDetailsStepDefinitions.my_self_page_should_display_personal_information_for_that_user(RoomDetailsStepDefinitions.java:128)
	at ✽.my self page should display personal information for that user(src/test/resources/features/room_information_excel.feature:28)
</failure>
    <system-out>I am setting up the rest test from the Hooks class!
I am opening to login page
email=lruffli93@dailymail.co.uk
menardnewbatt
=============================
lruffli93@dailymail.co.uk
true
{password= menardnewbatt, role=team-leader , campus=VA, name=Menard Newbatt, batch=#7, team=Guardians of Galaxy, email=lruffli93@dailymail.co.uk}
I am reporting the result
Driver is closing
</system-out>
    <system-err>SLF4J: Failed to load class &quot;org.slf4j.impl.StaticLoggerBinder&quot;.
SLF4J: Defaulting to no-operation (NOP) logger implementation
SLF4J: See http://www.slf4j.org/codes.html#StaticLoggerBinder for further details.
Starting ChromeDriver 73.0.3683.20 (8e2b610813e167eee3619ac4ce6e42e3ec622017) on port 25701
Only local connections are allowed.
Please protect ports used by ChromeDriver and related test frameworks to prevent access by malicious code.
Mar 05, 2019 1:37:02 PM org.openqa.selenium.remote.ProtocolHandshake createSession
INFO: Detected dialect: OSS
</system-err>
  </testcase>
  <testcase classname="room information functionality" name="my information data driven test Tabor Dullingham" time="13.574">
    <failure message="expected:&lt;[IL]&gt; but was:&lt;[VA]&gt;" type="org.junit.ComparisonFailure">org.junit.ComparisonFailure: expected:&lt;[IL]&gt; but was:&lt;[VA]&gt;
	at org.junit.Assert.assertEquals(Assert.java:115)
	at org.junit.Assert.assertEquals(Assert.java:144)
	at steps.RoomDetailsStepDefinitions.my_self_page_should_display_personal_information_for_that_user(RoomDetailsStepDefinitions.java:128)
	at ✽.my self page should display personal information for that user(src/test/resources/features/room_information_excel.feature:28)
</failure>
    <system-out>I am setting up the rest test from the Hooks class!
I am opening to login page
email=elaye8m@wikipedia.org
tabordullingham
=============================
elaye8m@wikipedia.org
true
{password= tabordullingham, role=student, campus=IL, name=Tabor Dullingham, batch=#7, team=DevOps, email=elaye8m@wikipedia.org}
I am reporting the result
Driver is closing
</system-out>
    <system-err>Starting ChromeDriver 73.0.3683.20 (8e2b610813e167eee3619ac4ce6e42e3ec622017) on port 34166
Only local connections are allowed.
Please protect ports used by ChromeDriver and related test frameworks to prevent access by malicious code.
Mar 05, 2019 1:37:14 PM org.openqa.selenium.remote.ProtocolHandshake createSession
INFO: Detected dialect: OSS
</system-err>
  </testcase>
</testsuite>